{"name": "Проверка выпадающий список в разделе «Вопросы о важном»", "status": "failed", "statusDetails": {"message": "AssertionError: assert 'Пока что у нас так: один заказ — один самокат. Если хотите покататься с друзьями, можете просто сделать несколько заказов — один за другим.' == None", "trace": "self = <test_main_page.TestMainPage object at 0x000002D488813770>\ndriver_main_page = <selenium.webdriver.firefox.webdriver.WebDriver (session=\"3878dbc8-d086-4c3d-9c97-0ca34d4fa4ea\")>\nkey = 2\n\n    @allure.title('Проверка выпадающий список в разделе «Вопросы о важном»')\n    @allure.description('Нужно проверить: при нажатии на стрелочку, открывается соответствующий текст')\n    @pytest.mark.parametrize('key', [1, 2, 3, 4, 5, 6, 7, 8])\n    def test_text_answer_correct(self, driver_main_page, key):\n        m_page = MainPage(driver_main_page)\n        expect_text = Answers.DICTIONARY_ANSWERS[key]\n    \n        m_page.click_on_question(key)\n        m_page.wait_visibility_answer(key)\n        actual_text = m_page.get_text_answer(key)\n    \n>       assert expect_text == actual_text\nE       AssertionError: assert 'Пока что у нас так: один заказ — один самокат. Если хотите покататься с друзьями, можете просто сделать несколько заказов — один за другим.' == None\n\ntests\\test_main_page.py:53: AssertionError"}, "description": "Нужно проверить: при нажатии на стрелочку, открывается соответствующий текст", "steps": [{"name": "Нажимаем на вопрос№2 из раздела \"Вопросы о важном\"", "status": "passed", "steps": [{"name": "Прокручиваем до элемента страницы", "status": "passed", "parameters": [{"name": "element", "value": "('id', 'accordion__heading-1')"}], "start": 1761989511588, "stop": 1761989511607}, {"name": "Нажимаем на элемент страницы", "status": "passed", "parameters": [{"name": "element", "value": "('id', 'accordion__heading-1')"}], "start": 1761989511607, "stop": 1761989511855}], "parameters": [{"name": "key", "value": "2"}], "start": 1761989511588, "stop": 1761989511855}, {"name": "Ожидание появления ответа на вопрос №2", "status": "passed", "steps": [{"name": "Ожидаем видимости элемента страницы", "status": "passed", "parameters": [{"name": "element", "value": "('xpath', \".//div[@id='accordion__panel-1']/p\")"}, {"name": "wait_time", "value": "3"}], "start": 1761989511856, "stop": 1761989511881}], "parameters": [{"name": "key", "value": "2"}], "start": 1761989511855, "stop": 1761989511881}, {"name": "Получаем текст ответа на вопрос№2", "status": "passed", "steps": [{"name": "Получаем текст элемента", "status": "passed", "parameters": [{"name": "element", "value": "('xpath', \".//div[@id='accordion__panel-1']/p\")"}], "start": 1761989511882, "stop": 1761989511897}], "parameters": [{"name": "key", "value": "2"}], "start": 1761989511882, "stop": 1761989511897}], "parameters": [{"name": "key", "value": "2"}], "start": 1761989511587, "stop": 1761989511897, "uuid": "9e718f24-88a2-477b-b1cf-54a4f73fee9d", "historyId": "cb79a7b262cab628d3be1d3205379af2", "testCaseId": "dcb08db58d074ef1744a05f04a534d81", "fullName": "tests.test_main_page.TestMainPage#test_text_answer_correct", "labels": [{"name": "parentSuite", "value": "tests"}, {"name": "suite", "value": "test_main_page"}, {"name": "subSuite", "value": "TestMainPage"}, {"name": "host", "value": "DESKTOP-RS9VIK3"}, {"name": "thread", "value": "25956-MainThread"}, {"name": "framework", "value": "pytest"}, {"name": "language", "value": "cpython3"}, {"name": "package", "value": "tests.test_main_page"}], "titlePath": ["tests", "test_main_page.py", "TestMainPage"]}