{"name": "Проверка выпадающий список в разделе «Вопросы о важном»", "status": "failed", "statusDetails": {"message": "AssertionError: assert 'Только начиная с завтрашнего дня. Но скоро станем расторопнее.' == None", "trace": "self = <test_main_page.TestMainPage object at 0x000002D488802580>\ndriver_main_page = <selenium.webdriver.firefox.webdriver.WebDriver (session=\"3878dbc8-d086-4c3d-9c97-0ca34d4fa4ea\")>\nkey = 4\n\n    @allure.title('Проверка выпадающий список в разделе «Вопросы о важном»')\n    @allure.description('Нужно проверить: при нажатии на стрелочку, открывается соответствующий текст')\n    @pytest.mark.parametrize('key', [1, 2, 3, 4, 5, 6, 7, 8])\n    def test_text_answer_correct(self, driver_main_page, key):\n        m_page = MainPage(driver_main_page)\n        expect_text = Answers.DICTIONARY_ANSWERS[key]\n    \n        m_page.click_on_question(key)\n        m_page.wait_visibility_answer(key)\n        actual_text = m_page.get_text_answer(key)\n    \n>       assert expect_text == actual_text\nE       AssertionError: assert 'Только начиная с завтрашнего дня. Но скоро станем расторопнее.' == None\n\ntests\\test_main_page.py:53: AssertionError"}, "description": "Нужно проверить: при нажатии на стрелочку, открывается соответствующий текст", "steps": [{"name": "Нажимаем на вопрос№4 из раздела \"Вопросы о важном\"", "status": "passed", "steps": [{"name": "Прокручиваем до элемента страницы", "status": "passed", "parameters": [{"name": "element", "value": "('id', 'accordion__heading-3')"}], "start": 1761989512175, "stop": 1761989512181}, {"name": "Нажимаем на элемент страницы", "status": "passed", "parameters": [{"name": "element", "value": "('id', 'accordion__heading-3')"}], "start": 1761989512181, "stop": 1761989512395}], "parameters": [{"name": "key", "value": "4"}], "start": 1761989512175, "stop": 1761989512395}, {"name": "Ожидание появления ответа на вопрос №4", "status": "passed", "steps": [{"name": "Ожидаем видимости элемента страницы", "status": "passed", "parameters": [{"name": "element", "value": "('xpath', \".//div[@id='accordion__panel-3']/p\")"}, {"name": "wait_time", "value": "3"}], "start": 1761989512395, "stop": 1761989512417}], "parameters": [{"name": "key", "value": "4"}], "start": 1761989512395, "stop": 1761989512417}, {"name": "Получаем текст ответа на вопрос№4", "status": "passed", "steps": [{"name": "Получаем текст элемента", "status": "passed", "parameters": [{"name": "element", "value": "('xpath', \".//div[@id='accordion__panel-3']/p\")"}], "start": 1761989512418, "stop": 1761989512433}], "parameters": [{"name": "key", "value": "4"}], "start": 1761989512417, "stop": 1761989512433}], "parameters": [{"name": "key", "value": "4"}], "start": 1761989512175, "stop": 1761989512434, "uuid": "9bdc4df7-d257-412e-9297-912c54800459", "historyId": "0c49e7a2d1aa18cd8547b721b0e47fa4", "testCaseId": "dcb08db58d074ef1744a05f04a534d81", "fullName": "tests.test_main_page.TestMainPage#test_text_answer_correct", "labels": [{"name": "parentSuite", "value": "tests"}, {"name": "suite", "value": "test_main_page"}, {"name": "subSuite", "value": "TestMainPage"}, {"name": "host", "value": "DESKTOP-RS9VIK3"}, {"name": "thread", "value": "25956-MainThread"}, {"name": "framework", "value": "pytest"}, {"name": "language", "value": "cpython3"}, {"name": "package", "value": "tests.test_main_page"}], "titlePath": ["tests", "test_main_page.py", "TestMainPage"]}