{"name": "Проверка перехода на страницу заказа по кнопке \"Заказать\" в шапке страницы", "status": "failed", "statusDetails": {"message": "AssertionError: assert None == True\n +  where None = check_open_order_page()\n +    where check_open_order_page = <pages.main_page.MainPage object at 0x000002D48886EFD0>.check_open_order_page", "trace": "self = <test_main_page.TestMainPage object at 0x000002D48886DA90>\ndriver = <selenium.webdriver.firefox.webdriver.WebDriver (session=\"8a41c7d1-c0c0-4832-a6db-b131e79b8c58\")>\n\n    @allure.title('Проверка перехода на страницу заказа по кнопке \"Заказать\" в шапке страницы')\n    def test_button_order_in_header(self, driver):\n        m_page = MainPage(driver)\n    \n        m_page.open_main_page()\n        m_page.wait_load_main_page()\n        m_page.click_button_order_header()\n    \n>       assert m_page.check_open_order_page() == True\nE       assert None == True\nE        +  where None = check_open_order_page()\nE        +    where check_open_order_page = <pages.main_page.MainPage object at 0x000002D48886EFD0>.check_open_order_page\n\ntests\\test_main_page.py:30: AssertionError"}, "steps": [{"name": "Открываем главную страницу", "status": "passed", "steps": [{"name": "Переход на страницу 'https://qa-scooter.praktikum-services.ru/'", "status": "passed", "parameters": [{"name": "url", "value": "'https://qa-scooter.praktikum-services.ru/'"}], "start": 1761989473249, "stop": 1761989476364}], "start": 1761989473249, "stop": 1761989476364}, {"name": "Ожидание загрузки главной страницы", "status": "passed", "steps": [{"name": "Ожидаем видимости элемента страницы", "status": "passed", "parameters": [{"name": "element", "value": "('class name', 'Home_Header__iJKdX')"}, {"name": "wait_time", "value": "5"}], "start": 1761989476364, "stop": 1761989476391}], "start": 1761989476364, "stop": 1761989476391}, {"name": "Нажимаем на кнопку \"Заказать\" в заголовке", "status": "passed", "steps": [{"name": "Нажимаем на элемент страницы", "status": "passed", "parameters": [{"name": "element", "value": "('xpath', \".//button[@class='Button_Button__ra12g']\")"}], "start": 1761989476392, "stop": 1761989476654}], "start": 1761989476392, "stop": 1761989476654}, {"name": "Проверяем переход на страницу заказа", "status": "passed", "steps": [{"name": "Получаем URL страницы", "status": "passed", "start": 1761989476654, "stop": 1761989476655}], "start": 1761989476654, "stop": 1761989476655}], "start": 1761989473249, "stop": 1761989476656, "uuid": "d2552b7c-7301-46ce-9c5d-b238c35b1825", "historyId": "ca56230599d5b2442c1009d5930ccc65", "testCaseId": "ca56230599d5b2442c1009d5930ccc65", "fullName": "tests.test_main_page.TestMainPage#test_button_order_in_header", "labels": [{"name": "parentSuite", "value": "tests"}, {"name": "suite", "value": "test_main_page"}, {"name": "subSuite", "value": "TestMainPage"}, {"name": "host", "value": "DESKTOP-RS9VIK3"}, {"name": "thread", "value": "25956-MainThread"}, {"name": "framework", "value": "pytest"}, {"name": "language", "value": "cpython3"}, {"name": "package", "value": "tests.test_main_page"}], "titlePath": ["tests", "test_main_page.py", "TestMainPage"]}