{"name": "Проверка перехода в \"Дзен\" по логотипу \"Яндекс\"", "status": "broken", "statusDetails": {"message": "selenium.common.exceptions.TimeoutException: Message: \nStacktrace:\nRemoteError@chrome://remote/content/shared/RemoteError.sys.mjs:8:8\nWebDriverError@chrome://remote/content/shared/webdriver/Errors.sys.mjs:199:5\nNoSuchElementError@chrome://remote/content/shared/webdriver/Errors.sys.mjs:552:5\ndom.find/</<@chrome://remote/content/shared/DOM.sys.mjs:136:16", "trace": "self = <test_main_page.TestMainPage object at 0x000002242D9AD450>\ndriver = <selenium.webdriver.firefox.webdriver.WebDriver (session=\"cd9fc0af-3de2-4aff-aaeb-92ae72cc5346\")>\n\n    @allure.title('Проверка перехода в \"Дзен\" по логотипу \"Яндекс\"')\n    @allure.description('При нажатии на логотип Яндекса, ' \\\n    'в новом окне через редирект откроется главная страница Дзена')\n    def test_yandex_logo_transition_to_dzen(self, driver):\n        m_page = MainPage(driver)\n    \n        m_page.open_main_page()\n        m_page.wait_load_main_page()\n        m_page.click_yandex_logo()\n>       m_page.wait_load_dzen_page()\n\ntests\\test_main_page.py:19: \n_ _ _ _ _ _ _ _ _ _ _ _ _ _ _ _ _ _ _ _ _ _ _ _ _ _ _ _ _ _ _ _ _ _ _ _ _ _ _ _ _ _ _ _ _ _ _ _ _ _ _ _ _ _ _ _ \npages\\main_page.py:27: in wait_load_dzen_page\n    self.wait_for_visibility_element(MPLocs.DZEN_HEADER)\npages\\base_page.py:22: in wait_for_visibility_element\n    WebDriverWait(self.driver, wait_time).until(EC.visibility_of_element_located(element))\n_ _ _ _ _ _ _ _ _ _ _ _ _ _ _ _ _ _ _ _ _ _ _ _ _ _ _ _ _ _ _ _ _ _ _ _ _ _ _ _ _ _ _ _ _ _ _ _ _ _ _ _ _ _ _ _ \n\nself = <selenium.webdriver.support.wait.WebDriverWait (session=\"cd9fc0af-3de2-4aff-aaeb-92ae72cc5346\")>\nmethod = <function visibility_of_element_located.<locals>._predicate at 0x000002242D9CA340>, message = ''\n\n    def until(self, method: Callable[[D], Union[Literal[False], T]], message: str = \"\") -> T:\n        \"\"\"Wait until the method returns a value that is not False.\n    \n        Calls the method provided with the driver as an argument until the\n        return value does not evaluate to ``False``.\n    \n        Parameters:\n        -----------\n        method: callable(WebDriver)\n            - A callable object that takes a WebDriver instance as an argument.\n    \n        message: str\n            - Optional message for :exc:`TimeoutException`\n    \n        Return:\n        -------\n        object: T\n            - The result of the last call to `method`\n    \n        Raises:\n        -------\n        TimeoutException\n            - If 'method' does not return a truthy value within the WebDriverWait\n            object's timeout\n    \n        Example:\n        --------\n        >>> from selenium.webdriver.common.by import By\n        >>> from selenium.webdriver.support.ui import WebDriverWait\n        >>> from selenium.webdriver.support import expected_conditions as EC\n    \n        # Wait until an element is visible on the page\n        >>> wait = WebDriverWait(driver, 10)\n        >>> element = wait.until(EC.visibility_of_element_located((By.ID, \"exampleId\")))\n        >>> print(element.text)\n        \"\"\"\n        screen = None\n        stacktrace = None\n    \n        end_time = time.monotonic() + self._timeout\n        while True:\n            try:\n                value = method(self._driver)\n                if value:\n                    return value\n            except self._ignored_exceptions as exc:\n                screen = getattr(exc, \"screen\", None)\n                stacktrace = getattr(exc, \"stacktrace\", None)\n            if time.monotonic() > end_time:\n                break\n            time.sleep(self._poll)\n>       raise TimeoutException(message, screen, stacktrace)\nE       selenium.common.exceptions.TimeoutException: Message: \nE       Stacktrace:\nE       RemoteError@chrome://remote/content/shared/RemoteError.sys.mjs:8:8\nE       WebDriverError@chrome://remote/content/shared/webdriver/Errors.sys.mjs:199:5\nE       NoSuchElementError@chrome://remote/content/shared/webdriver/Errors.sys.mjs:552:5\nE       dom.find/</<@chrome://remote/content/shared/DOM.sys.mjs:136:16\n\nvenv\\Lib\\site-packages\\selenium\\webdriver\\support\\wait.py:138: TimeoutException"}, "description": "При нажатии на логотип Яндекса, в новом окне через редирект откроется главная страница Дзена", "steps": [{"name": "Открываем главную страницу", "status": "passed", "steps": [{"name": "Переход на страницу 'https://qa-scooter.praktikum-services.ru/'", "status": "passed", "parameters": [{"name": "url", "value": "'https://qa-scooter.praktikum-services.ru/'"}], "start": 1761993738865, "stop": 1761993741808}], "start": 1761993738865, "stop": 1761993741808}, {"name": "Ожидание загрузки главной страницы", "status": "passed", "steps": [{"name": "Ожидаем видимости элемента страницы", "status": "passed", "parameters": [{"name": "element", "value": "('class name', 'Home_Header__iJKdX')"}, {"name": "wait_time", "value": "5"}], "start": 1761993741808, "stop": 1761993741833}], "start": 1761993741808, "stop": 1761993741833}, {"name": "Нажимаем на логотип \"Яндекс\"", "status": "passed", "steps": [{"name": "Нажимаем на элемент страницы", "status": "passed", "parameters": [{"name": "element", "value": "('xpath', \".//img[@alt='Yandex']\")"}], "start": 1761993741833, "stop": 1761993742158}], "start": 1761993741833, "stop": 1761993742158}, {"name": "Ожидание загрузки страницы \"Дзен\"", "status": "broken", "statusDetails": {"message": "selenium.common.exceptions.TimeoutException: Message: \nStacktrace:\nRemoteError@chrome://remote/content/shared/RemoteError.sys.mjs:8:8\nWebDriverError@chrome://remote/content/shared/webdriver/Errors.sys.mjs:199:5\nNoSuchElementError@chrome://remote/content/shared/webdriver/Errors.sys.mjs:552:5\ndom.find/</<@chrome://remote/content/shared/DOM.sys.mjs:136:16\n\n", "trace": "  File \"C:\\Users\\vaskl\\Desktop\\qa_33_python_6\\venv\\Lib\\site-packages\\allure_commons\\_allure.py\", line 202, in impl\n    return func(*a, **kw)\n  File \"C:\\Users\\vaskl\\Desktop\\qa_33_python_6\\pages\\main_page.py\", line 27, in wait_load_dzen_page\n    self.wait_for_visibility_element(MPLocs.DZEN_HEADER)\n    ~~~~~~~~~~~~~~~~~~~~~~~~~~~~~~~~^^^^^^^^^^^^^^^^^^^^\n  File \"C:\\Users\\vaskl\\Desktop\\qa_33_python_6\\venv\\Lib\\site-packages\\allure_commons\\_allure.py\", line 202, in impl\n    return func(*a, **kw)\n  File \"C:\\Users\\vaskl\\Desktop\\qa_33_python_6\\pages\\base_page.py\", line 22, in wait_for_visibility_element\n    WebDriverWait(self.driver, wait_time).until(EC.visibility_of_element_located(element))\n    ~~~~~~~~~~~~~~~~~~~~~~~~~~~~~~~~~~~~~~~~~~~^^^^^^^^^^^^^^^^^^^^^^^^^^^^^^^^^^^^^^^^^^^\n  File \"C:\\Users\\vaskl\\Desktop\\qa_33_python_6\\venv\\Lib\\site-packages\\selenium\\webdriver\\support\\wait.py\", line 138, in until\n    raise TimeoutException(message, screen, stacktrace)\n"}, "steps": [{"name": "Ожидаем видимости элемента страницы", "status": "broken", "statusDetails": {"message": "selenium.common.exceptions.TimeoutException: Message: \nStacktrace:\nRemoteError@chrome://remote/content/shared/RemoteError.sys.mjs:8:8\nWebDriverError@chrome://remote/content/shared/webdriver/Errors.sys.mjs:199:5\nNoSuchElementError@chrome://remote/content/shared/webdriver/Errors.sys.mjs:552:5\ndom.find/</<@chrome://remote/content/shared/DOM.sys.mjs:136:16\n\n", "trace": "  File \"C:\\Users\\vaskl\\Desktop\\qa_33_python_6\\venv\\Lib\\site-packages\\allure_commons\\_allure.py\", line 202, in impl\n    return func(*a, **kw)\n  File \"C:\\Users\\vaskl\\Desktop\\qa_33_python_6\\pages\\base_page.py\", line 22, in wait_for_visibility_element\n    WebDriverWait(self.driver, wait_time).until(EC.visibility_of_element_located(element))\n    ~~~~~~~~~~~~~~~~~~~~~~~~~~~~~~~~~~~~~~~~~~~^^^^^^^^^^^^^^^^^^^^^^^^^^^^^^^^^^^^^^^^^^^\n  File \"C:\\Users\\vaskl\\Desktop\\qa_33_python_6\\venv\\Lib\\site-packages\\selenium\\webdriver\\support\\wait.py\", line 138, in until\n    raise TimeoutException(message, screen, stacktrace)\n"}, "parameters": [{"name": "element", "value": "('xpath', \".//div[@class='dzen-layout--header-micro-app__header-1m']\")"}, {"name": "wait_time", "value": "5"}], "start": 1761993742158, "stop": 1761993747213}], "start": 1761993742158, "stop": 1761993747215}], "start": 1761993738864, "stop": 1761993747216, "uuid": "1bc2b7a1-3094-4e25-ac0a-2a9f66a3cd12", "historyId": "a3ae501ec368fbc9da72a968caf0cd01", "testCaseId": "a3ae501ec368fbc9da72a968caf0cd01", "fullName": "tests.test_main_page.TestMainPage#test_yandex_logo_transition_to_dzen", "labels": [{"name": "parentSuite", "value": "tests"}, {"name": "suite", "value": "test_main_page"}, {"name": "subSuite", "value": "TestMainPage"}, {"name": "host", "value": "DESKTOP-RS9VIK3"}, {"name": "thread", "value": "26456-MainThread"}, {"name": "framework", "value": "pytest"}, {"name": "language", "value": "cpython3"}, {"name": "package", "value": "tests.test_main_page"}], "titlePath": ["tests", "test_main_page.py", "TestMainPage"]}