{"name": "Проверка позитивного сценария \"Заказ самоката\" с двумя наборами данных", "status": "broken", "statusDetails": {"message": "selenium.common.exceptions.UnexpectedTagNameException: Message: Select only works on <select> elements, not on input", "trace": "self = <test_order_page.TestOrderPage object at 0x0000020ECD521810>\ndriver = <selenium.webdriver.firefox.webdriver.WebDriver (session=\"5dc618f1-c8ec-4a6a-ad4f-b1e5918daac8\")>\nuser = ['Ваня', 'Булочкин', 'улица Доватора, 17', 'Спортивная', '+79215673412', '30.11.2025', ...]\n\n    @allure.title('Проверка позитивного сценария \"Заказ самоката\" с двумя наборами данных')\n    @allure.description('Заполняем форму заказа. ' \\\n    'Проверяем, что появилось всплывающее окно с сообщением об успешном создании заказа.')\n    @pytest.mark.parametrize('user', [UserOne.USER_ONE, UserTwo.USER_TWO])\n    def test_success_order_scooter(self, driver, user):\n        o_page = OrderPage(driver)\n    \n        o_page.open_order_page()\n        o_page.wait_load_order_form_one()\n>       o_page.set_one_form(user[0], user[1], user[2], user[3], user[4])\n\ntests\\test_order_page.py:29: \n_ _ _ _ _ _ _ _ _ _ _ _ _ _ _ _ _ _ _ _ _ _ _ _ _ _ _ _ _ _ _ _ _ _ _ _ _ _ _ _ _ _ _ _ _ _ _ _ _ _ _ _ _ _ _ _ \npages\\order_page.py:63: in set_one_form\n    self.set_metro_station_placeholder(metro)\npages\\order_page.py:48: in set_metro_station_placeholder\n    self.select_text(element, metro)\npages\\base_page.py:56: in select_text\n    select = Select(self.driver.find_element(*element))\n             ^^^^^^^^^^^^^^^^^^^^^^^^^^^^^^^^^^^^^^^^^^\n_ _ _ _ _ _ _ _ _ _ _ _ _ _ _ _ _ _ _ _ _ _ _ _ _ _ _ _ _ _ _ _ _ _ _ _ _ _ _ _ _ _ _ _ _ _ _ _ _ _ _ _ _ _ _ _ \n\nself = <selenium.webdriver.support.select.Select object at 0x0000020ECD62D1D0>\nwebelement = <selenium.webdriver.remote.webelement.WebElement (session=\"5dc618f1-c8ec-4a6a-ad4f-b1e5918daac8\", element=\"82627110-ddd2-449e-a1bd-65e5632b0ffa\")>\n\n    def __init__(self, webelement: WebElement) -> None:\n        \"\"\"Constructor. A check is made that the given element is, indeed, a\n        SELECT tag. If it is not, then an UnexpectedTagNameException is thrown.\n    \n        Args:\n            webelement: SELECT element to wrap\n    \n        Example:\n            from selenium.webdriver.support.ui import Select \\n\n            Select(driver.find_element(By.TAG_NAME, \"select\")).select_by_index(2)\n        \"\"\"\n        if webelement.tag_name.lower() != \"select\":\n>           raise UnexpectedTagNameException(f\"Select only works on <select> elements, not on {webelement.tag_name}\")\nE           selenium.common.exceptions.UnexpectedTagNameException: Message: Select only works on <select> elements, not on input\n\nvenv\\Lib\\site-packages\\selenium\\webdriver\\support\\select.py:37: UnexpectedTagNameException"}, "description": "Заполняем форму заказа. Проверяем, что появилось всплывающее окно с сообщением об успешном создании заказа.", "steps": [{"name": "Открываем страницу заказа", "status": "passed", "steps": [{"name": "Переход на страницу 'https://qa-scooter.praktikum-services.ru/order'", "status": "passed", "parameters": [{"name": "url", "value": "'https://qa-scooter.praktikum-services.ru/order'"}], "start": 1761997913268, "stop": 1761997915200}], "start": 1761997913268, "stop": 1761997915200}, {"name": "Ожидание загрузки страницы оформления \"Для кого самокат\"", "status": "passed", "steps": [{"name": "Ожидаем видимости элемента страницы", "status": "passed", "parameters": [{"name": "element", "value": "('xpath', \".//div[text()='Для кого самокат']\")"}, {"name": "wait_time", "value": "5"}], "start": 1761997915200, "stop": 1761997915226}], "start": 1761997915200, "stop": 1761997915226}, {"name": "Заполнение полей в форме \"Для кого самокат\"", "status": "broken", "statusDetails": {"message": "selenium.common.exceptions.UnexpectedTagNameException: Message: Select only works on <select> elements, not on input\n\n", "trace": "  File \"C:\\Users\\vaskl\\Desktop\\qa_33_python_6\\venv\\Lib\\site-packages\\allure_commons\\_allure.py\", line 202, in impl\n    return func(*a, **kw)\n  File \"C:\\Users\\vaskl\\Desktop\\qa_33_python_6\\pages\\order_page.py\", line 63, in set_one_form\n    self.set_metro_station_placeholder(metro)\n    ~~~~~~~~~~~~~~~~~~~~~~~~~~~~~~~~~~^^^^^^^\n  File \"C:\\Users\\vaskl\\Desktop\\qa_33_python_6\\venv\\Lib\\site-packages\\allure_commons\\_allure.py\", line 202, in impl\n    return func(*a, **kw)\n  File \"C:\\Users\\vaskl\\Desktop\\qa_33_python_6\\pages\\order_page.py\", line 48, in set_metro_station_placeholder\n    self.select_text(element, metro)\n    ~~~~~~~~~~~~~~~~^^^^^^^^^^^^^^^^\n  File \"C:\\Users\\vaskl\\Desktop\\qa_33_python_6\\venv\\Lib\\site-packages\\allure_commons\\_allure.py\", line 202, in impl\n    return func(*a, **kw)\n  File \"C:\\Users\\vaskl\\Desktop\\qa_33_python_6\\pages\\base_page.py\", line 56, in select_text\n    select = Select(self.driver.find_element(*element))\n  File \"C:\\Users\\vaskl\\Desktop\\qa_33_python_6\\venv\\Lib\\site-packages\\selenium\\webdriver\\support\\select.py\", line 37, in __init__\n    raise UnexpectedTagNameException(f\"Select only works on <select> elements, not on {webelement.tag_name}\")\n"}, "steps": [{"name": "Заполняем поле \"Имя\"", "status": "passed", "steps": [{"name": "Заполняем поле(('xpath', \".//input[@placeholder='* Имя']\"))", "status": "passed", "parameters": [{"name": "placeholder", "value": "('xpath', \".//input[@placeholder='* Имя']\")"}, {"name": "data", "value": "'Ваня'"}], "start": 1761997915226, "stop": 1761997915330}], "parameters": [{"name": "name", "value": "'Ваня'"}], "start": 1761997915226, "stop": 1761997915330}, {"name": "Заполняем поле \"Фамилия\"", "status": "passed", "steps": [{"name": "Заполняем поле(('xpath', \".//input[@placeholder='* Фамилия']\"))", "status": "passed", "parameters": [{"name": "placeholder", "value": "('xpath', \".//input[@placeholder='* Фамилия']\")"}, {"name": "data", "value": "'Булочкин'"}], "start": 1761997915330, "stop": 1761997915360}], "parameters": [{"name": "last_name", "value": "'Булочкин'"}], "start": 1761997915330, "stop": 1761997915360}, {"name": "Заполняем поле \"Адрес: куда привезти заказ\"", "status": "passed", "steps": [{"name": "Заполняем поле(('xpath', \".//input[@placeholder='* Адрес: куда привезти заказ']\"))", "status": "passed", "parameters": [{"name": "placeholder", "value": "('xpath', \".//input[@placeholder='* Адрес: куда привезти заказ']\")"}, {"name": "data", "value": "'улица Доватора, 17'"}], "start": 1761997915360, "stop": 1761997915398}], "parameters": [{"name": "adress", "value": "'улица Доватора, 17'"}], "start": 1761997915360, "stop": 1761997915398}, {"name": "Заполняем поле \"Станция метро\"", "status": "broken", "statusDetails": {"message": "selenium.common.exceptions.UnexpectedTagNameException: Message: Select only works on <select> elements, not on input\n\n", "trace": "  File \"C:\\Users\\vaskl\\Desktop\\qa_33_python_6\\venv\\Lib\\site-packages\\allure_commons\\_allure.py\", line 202, in impl\n    return func(*a, **kw)\n  File \"C:\\Users\\vaskl\\Desktop\\qa_33_python_6\\pages\\order_page.py\", line 48, in set_metro_station_placeholder\n    self.select_text(element, metro)\n    ~~~~~~~~~~~~~~~~^^^^^^^^^^^^^^^^\n  File \"C:\\Users\\vaskl\\Desktop\\qa_33_python_6\\venv\\Lib\\site-packages\\allure_commons\\_allure.py\", line 202, in impl\n    return func(*a, **kw)\n  File \"C:\\Users\\vaskl\\Desktop\\qa_33_python_6\\pages\\base_page.py\", line 56, in select_text\n    select = Select(self.driver.find_element(*element))\n  File \"C:\\Users\\vaskl\\Desktop\\qa_33_python_6\\venv\\Lib\\site-packages\\selenium\\webdriver\\support\\select.py\", line 37, in __init__\n    raise UnexpectedTagNameException(f\"Select only works on <select> elements, not on {webelement.tag_name}\")\n"}, "steps": [{"name": "Заполняем поле(('xpath', \".//input[@placeholder='* Станция метро']\"))", "status": "passed", "parameters": [{"name": "placeholder", "value": "('xpath', \".//input[@placeholder='* Станция метро']\")"}, {"name": "data", "value": "'Спортивная'"}], "start": 1761997915399, "stop": 1761997915507}, {"name": "Выбираем \"'Спортивная'\" из выпадающего списка", "status": "broken", "statusDetails": {"message": "selenium.common.exceptions.UnexpectedTagNameException: Message: Select only works on <select> elements, not on input\n\n", "trace": "  File \"C:\\Users\\vaskl\\Desktop\\qa_33_python_6\\venv\\Lib\\site-packages\\allure_commons\\_allure.py\", line 202, in impl\n    return func(*a, **kw)\n  File \"C:\\Users\\vaskl\\Desktop\\qa_33_python_6\\pages\\base_page.py\", line 56, in select_text\n    select = Select(self.driver.find_element(*element))\n  File \"C:\\Users\\vaskl\\Desktop\\qa_33_python_6\\venv\\Lib\\site-packages\\selenium\\webdriver\\support\\select.py\", line 37, in __init__\n    raise UnexpectedTagNameException(f\"Select only works on <select> elements, not on {webelement.tag_name}\")\n"}, "parameters": [{"name": "element", "value": "('xpath', \".//input[@placeholder='* Станция метро']\")"}, {"name": "text", "value": "'Спортивная'"}], "start": 1761997915508, "stop": 1761997915513}], "parameters": [{"name": "metro", "value": "'Спортивная'"}], "start": 1761997915399, "stop": 1761997915514}], "parameters": [{"name": "name", "value": "'Ваня'"}, {"name": "last_name", "value": "'Булочкин'"}, {"name": "adress", "value": "'улица Доватора, 17'"}, {"name": "metro", "value": "'Спортивная'"}, {"name": "phone", "value": "'+79215673412'"}], "start": 1761997915226, "stop": 1761997915515}], "parameters": [{"name": "user", "value": "['Ваня', 'Булочкин', 'улица Доватора, 17', 'Спортивная', '+79215673412', '30.11.2025', 'двое суток', 'серая безысходность', 'Позвоните за 5-10 мин до доставки']"}], "start": 1761997913268, "stop": 1761997915517, "uuid": "fe2906a7-6254-44e8-957e-d00b07bedb0c", "historyId": "d94a64bc4af2cf886ce51971ec72149d", "testCaseId": "476f8306038bf437126ba7152987a181", "fullName": "tests.test_order_page.TestOrderPage#test_success_order_scooter", "labels": [{"name": "parentSuite", "value": "tests"}, {"name": "suite", "value": "test_order_page"}, {"name": "subSuite", "value": "TestOrderPage"}, {"name": "host", "value": "DESKTOP-RS9VIK3"}, {"name": "thread", "value": "10372-MainThread"}, {"name": "framework", "value": "pytest"}, {"name": "language", "value": "cpython3"}, {"name": "package", "value": "tests.test_order_page"}], "titlePath": ["tests", "test_order_page.py", "TestOrderPage"]}