{"name": "Проверка выпадающий список в разделе «Вопросы о важном»", "status": "failed", "statusDetails": {"message": "AssertionError: assert 'Пока что нет! Но если что-то срочное — всегда можно позвонить в поддержку по красивому номеру 1010.' == None", "trace": "self = <test_main_page.TestMainPage object at 0x000002D4887CEA50>\ndriver_main_page = <selenium.webdriver.firefox.webdriver.WebDriver (session=\"3878dbc8-d086-4c3d-9c97-0ca34d4fa4ea\")>\nkey = 5\n\n    @allure.title('Проверка выпадающий список в разделе «Вопросы о важном»')\n    @allure.description('Нужно проверить: при нажатии на стрелочку, открывается соответствующий текст')\n    @pytest.mark.parametrize('key', [1, 2, 3, 4, 5, 6, 7, 8])\n    def test_text_answer_correct(self, driver_main_page, key):\n        m_page = MainPage(driver_main_page)\n        expect_text = Answers.DICTIONARY_ANSWERS[key]\n    \n        m_page.click_on_question(key)\n        m_page.wait_visibility_answer(key)\n        actual_text = m_page.get_text_answer(key)\n    \n>       assert expect_text == actual_text\nE       AssertionError: assert 'Пока что нет! Но если что-то срочное — всегда можно позвонить в поддержку по красивому номеру 1010.' == None\n\ntests\\test_main_page.py:53: AssertionError"}, "description": "Нужно проверить: при нажатии на стрелочку, открывается соответствующий текст", "steps": [{"name": "Нажимаем на вопрос№5 из раздела \"Вопросы о важном\"", "status": "passed", "steps": [{"name": "Прокручиваем до элемента страницы", "status": "passed", "parameters": [{"name": "element", "value": "('id', 'accordion__heading-4')"}], "start": 1761989512446, "stop": 1761989512453}, {"name": "Нажимаем на элемент страницы", "status": "passed", "parameters": [{"name": "element", "value": "('id', 'accordion__heading-4')"}], "start": 1761989512453, "stop": 1761989512672}], "parameters": [{"name": "key", "value": "5"}], "start": 1761989512446, "stop": 1761989512672}, {"name": "Ожидание появления ответа на вопрос №5", "status": "passed", "steps": [{"name": "Ожидаем видимости элемента страницы", "status": "passed", "parameters": [{"name": "element", "value": "('xpath', \".//div[@id='accordion__panel-4']/p\")"}, {"name": "wait_time", "value": "3"}], "start": 1761989512672, "stop": 1761989512682}], "parameters": [{"name": "key", "value": "5"}], "start": 1761989512672, "stop": 1761989512682}, {"name": "Получаем текст ответа на вопрос№5", "status": "passed", "steps": [{"name": "Получаем текст элемента", "status": "passed", "parameters": [{"name": "element", "value": "('xpath', \".//div[@id='accordion__panel-4']/p\")"}], "start": 1761989512683, "stop": 1761989512691}], "parameters": [{"name": "key", "value": "5"}], "start": 1761989512683, "stop": 1761989512692}], "parameters": [{"name": "key", "value": "5"}], "start": 1761989512446, "stop": 1761989512692, "uuid": "b676a46c-4362-4ff6-a18e-a801abf5e106", "historyId": "87c3be82f50c74c221a9fbd0676b2fa7", "testCaseId": "dcb08db58d074ef1744a05f04a534d81", "fullName": "tests.test_main_page.TestMainPage#test_text_answer_correct", "labels": [{"name": "parentSuite", "value": "tests"}, {"name": "suite", "value": "test_main_page"}, {"name": "subSuite", "value": "TestMainPage"}, {"name": "host", "value": "DESKTOP-RS9VIK3"}, {"name": "thread", "value": "25956-MainThread"}, {"name": "framework", "value": "pytest"}, {"name": "language", "value": "cpython3"}, {"name": "package", "value": "tests.test_main_page"}], "titlePath": ["tests", "test_main_page.py", "TestMainPage"]}