{"name": "Проверка выпадающий список в разделе «Вопросы о важном»", "status": "failed", "statusDetails": {"message": "AssertionError: assert 'Да, обязательно. Всем самокатов! И Москве, и Московской области.' == None", "trace": "self = <test_main_page.TestMainPage object at 0x000002D4888854F0>\ndriver_main_page = <selenium.webdriver.firefox.webdriver.WebDriver (session=\"3878dbc8-d086-4c3d-9c97-0ca34d4fa4ea\")>\nkey = 8\n\n    @allure.title('Проверка выпадающий список в разделе «Вопросы о важном»')\n    @allure.description('Нужно проверить: при нажатии на стрелочку, открывается соответствующий текст')\n    @pytest.mark.parametrize('key', [1, 2, 3, 4, 5, 6, 7, 8])\n    def test_text_answer_correct(self, driver_main_page, key):\n        m_page = MainPage(driver_main_page)\n        expect_text = Answers.DICTIONARY_ANSWERS[key]\n    \n        m_page.click_on_question(key)\n        m_page.wait_visibility_answer(key)\n        actual_text = m_page.get_text_answer(key)\n    \n>       assert expect_text == actual_text\nE       AssertionError: assert 'Да, обязательно. Всем самокатов! И Москве, и Московской области.' == None\n\ntests\\test_main_page.py:53: AssertionError"}, "description": "Нужно проверить: при нажатии на стрелочку, открывается соответствующий текст", "steps": [{"name": "Нажимаем на вопрос№8 из раздела \"Вопросы о важном\"", "status": "passed", "steps": [{"name": "Прокручиваем до элемента страницы", "status": "passed", "parameters": [{"name": "element", "value": "('id', 'accordion__heading-7')"}], "start": 1761989513199, "stop": 1761989513205}, {"name": "Нажимаем на элемент страницы", "status": "passed", "parameters": [{"name": "element", "value": "('id', 'accordion__heading-7')"}], "start": 1761989513205, "stop": 1761989513421}], "parameters": [{"name": "key", "value": "8"}], "start": 1761989513199, "stop": 1761989513421}, {"name": "Ожидание появления ответа на вопрос №8", "status": "passed", "steps": [{"name": "Ожидаем видимости элемента страницы", "status": "passed", "parameters": [{"name": "element", "value": "('xpath', \".//div[@id='accordion__panel-7']/p\")"}, {"name": "wait_time", "value": "3"}], "start": 1761989513421, "stop": 1761989513443}], "parameters": [{"name": "key", "value": "8"}], "start": 1761989513421, "stop": 1761989513443}, {"name": "Получаем текст ответа на вопрос№8", "status": "passed", "steps": [{"name": "Получаем текст элемента", "status": "passed", "parameters": [{"name": "element", "value": "('xpath', \".//div[@id='accordion__panel-7']/p\")"}], "start": 1761989513443, "stop": 1761989513457}], "parameters": [{"name": "key", "value": "8"}], "start": 1761989513443, "stop": 1761989513457}], "parameters": [{"name": "key", "value": "8"}], "start": 1761989513198, "stop": 1761989513457, "uuid": "e0c580a0-35d7-40f8-8cd3-1da8f7bc4af9", "historyId": "1eb8a329c220d4aa0c9a4dbf2193aec5", "testCaseId": "dcb08db58d074ef1744a05f04a534d81", "fullName": "tests.test_main_page.TestMainPage#test_text_answer_correct", "labels": [{"name": "parentSuite", "value": "tests"}, {"name": "suite", "value": "test_main_page"}, {"name": "subSuite", "value": "TestMainPage"}, {"name": "host", "value": "DESKTOP-RS9VIK3"}, {"name": "thread", "value": "25956-MainThread"}, {"name": "framework", "value": "pytest"}, {"name": "language", "value": "cpython3"}, {"name": "package", "value": "tests.test_main_page"}], "titlePath": ["tests", "test_main_page.py", "TestMainPage"]}