{"name": "Проверка выпадающий список в разделе «Вопросы о важном»", "status": "failed", "statusDetails": {"message": "AssertionError: assert 'Да, пока самокат не привезли. Штрафа не будет, объяснительной записки тоже не попросим. Все же свои.' == None", "trace": "self = <test_main_page.TestMainPage object at 0x000002D488885400>\ndriver_main_page = <selenium.webdriver.firefox.webdriver.WebDriver (session=\"3878dbc8-d086-4c3d-9c97-0ca34d4fa4ea\")>\nkey = 7\n\n    @allure.title('Проверка выпадающий список в разделе «Вопросы о важном»')\n    @allure.description('Нужно проверить: при нажатии на стрелочку, открывается соответствующий текст')\n    @pytest.mark.parametrize('key', [1, 2, 3, 4, 5, 6, 7, 8])\n    def test_text_answer_correct(self, driver_main_page, key):\n        m_page = MainPage(driver_main_page)\n        expect_text = Answers.DICTIONARY_ANSWERS[key]\n    \n        m_page.click_on_question(key)\n        m_page.wait_visibility_answer(key)\n        actual_text = m_page.get_text_answer(key)\n    \n>       assert expect_text == actual_text\nE       AssertionError: assert 'Да, пока самокат не привезли. Штрафа не будет, объяснительной записки тоже не попросим. Все же свои.' == None\n\ntests\\test_main_page.py:53: AssertionError"}, "description": "Нужно проверить: при нажатии на стрелочку, открывается соответствующий текст", "steps": [{"name": "Нажимаем на вопрос№7 из раздела \"Вопросы о важном\"", "status": "passed", "steps": [{"name": "Прокручиваем до элемента страницы", "status": "passed", "parameters": [{"name": "element", "value": "('id', 'accordion__heading-6')"}], "start": 1761989512951, "stop": 1761989512956}, {"name": "Нажимаем на элемент страницы", "status": "passed", "parameters": [{"name": "element", "value": "('id', 'accordion__heading-6')"}], "start": 1761989512957, "stop": 1761989513170}], "parameters": [{"name": "key", "value": "7"}], "start": 1761989512951, "stop": 1761989513170}, {"name": "Ожидание появления ответа на вопрос №7", "status": "passed", "steps": [{"name": "Ожидаем видимости элемента страницы", "status": "passed", "parameters": [{"name": "element", "value": "('xpath', \".//div[@id='accordion__panel-6']/p\")"}, {"name": "wait_time", "value": "3"}], "start": 1761989513171, "stop": 1761989513180}], "parameters": [{"name": "key", "value": "7"}], "start": 1761989513171, "stop": 1761989513180}, {"name": "Получаем текст ответа на вопрос№7", "status": "passed", "steps": [{"name": "Получаем текст элемента", "status": "passed", "parameters": [{"name": "element", "value": "('xpath', \".//div[@id='accordion__panel-6']/p\")"}], "start": 1761989513180, "stop": 1761989513190}], "parameters": [{"name": "key", "value": "7"}], "start": 1761989513180, "stop": 1761989513190}], "parameters": [{"name": "key", "value": "7"}], "start": 1761989512951, "stop": 1761989513190, "uuid": "5f60b3e6-2936-4a3e-a581-24fc62c0c99a", "historyId": "c7bcfe9cced07bea4228e46073d2b887", "testCaseId": "dcb08db58d074ef1744a05f04a534d81", "fullName": "tests.test_main_page.TestMainPage#test_text_answer_correct", "labels": [{"name": "parentSuite", "value": "tests"}, {"name": "suite", "value": "test_main_page"}, {"name": "subSuite", "value": "TestMainPage"}, {"name": "host", "value": "DESKTOP-RS9VIK3"}, {"name": "thread", "value": "25956-MainThread"}, {"name": "framework", "value": "pytest"}, {"name": "language", "value": "cpython3"}, {"name": "package", "value": "tests.test_main_page"}], "titlePath": ["tests", "test_main_page.py", "TestMainPage"]}