{"name": "Проверка перехода на страницу заказа по кнопке \"Заказать\" в центре страницы", "status": "failed", "statusDetails": {"message": "AssertionError: assert None == True\n +  where None = check_open_order_page()\n +    where check_open_order_page = <pages.main_page.MainPage object at 0x000002D4889242D0>.check_open_order_page", "trace": "self = <test_main_page.TestMainPage object at 0x000002D4887D1F30>\ndriver = <selenium.webdriver.firefox.webdriver.WebDriver (session=\"63fee41c-968b-4bc0-99d2-a75555a637e4\")>\n\n    @allure.title('Проверка перехода на страницу заказа по кнопке \"Заказать\" в центре страницы')\n    def test_button_order_in_middle(self, driver):\n        m_page = MainPage(driver)\n    \n        m_page.open_main_page()\n        m_page.wait_load_main_page()\n        m_page.click_button_order_middle()\n    \n>       assert m_page.check_open_order_page() == True\nE       assert None == True\nE        +  where None = check_open_order_page()\nE        +    where check_open_order_page = <pages.main_page.MainPage object at 0x000002D4889242D0>.check_open_order_page\n\ntests\\test_main_page.py:40: AssertionError"}, "steps": [{"name": "Открываем главную страницу", "status": "passed", "steps": [{"name": "Переход на страницу 'https://qa-scooter.praktikum-services.ru/'", "status": "passed", "parameters": [{"name": "url", "value": "'https://qa-scooter.praktikum-services.ru/'"}], "start": 1761989491483, "stop": 1761989494439}], "start": 1761989491483, "stop": 1761989494439}, {"name": "Ожидание загрузки главной страницы", "status": "passed", "steps": [{"name": "Ожидаем видимости элемента страницы", "status": "passed", "parameters": [{"name": "element", "value": "('class name', 'Home_Header__iJKdX')"}, {"name": "wait_time", "value": "5"}], "start": 1761989494439, "stop": 1761989494465}], "start": 1761989494439, "stop": 1761989494465}, {"name": "Нажимаем на кнопку \"Заказать\" в центре страницы", "status": "passed", "steps": [{"name": "Прокручиваем до элемента страницы", "status": "passed", "parameters": [{"name": "element", "value": "('xpath', \".//button[@class='Button_Button__ra12g Button_Middle__1CSJM']\")"}], "start": 1761989494465, "stop": 1761989494472}, {"name": "Нажимаем на элемент страницы", "status": "passed", "parameters": [{"name": "element", "value": "('xpath', \".//button[@class='Button_Button__ra12g Button_Middle__1CSJM']\")"}], "start": 1761989494472, "stop": 1761989494727}], "start": 1761989494465, "stop": 1761989494727}, {"name": "Проверяем переход на страницу заказа", "status": "passed", "steps": [{"name": "Получаем URL страницы", "status": "passed", "start": 1761989494727, "stop": 1761989494730}], "start": 1761989494727, "stop": 1761989494730}], "start": 1761989491483, "stop": 1761989494731, "uuid": "a0f91901-d2ef-4ee6-8909-eaa8368e5911", "historyId": "7a04d98d293a0ebf7601fa66f980fa32", "testCaseId": "7a04d98d293a0ebf7601fa66f980fa32", "fullName": "tests.test_main_page.TestMainPage#test_button_order_in_middle", "labels": [{"name": "parentSuite", "value": "tests"}, {"name": "suite", "value": "test_main_page"}, {"name": "subSuite", "value": "TestMainPage"}, {"name": "host", "value": "DESKTOP-RS9VIK3"}, {"name": "thread", "value": "25956-MainThread"}, {"name": "framework", "value": "pytest"}, {"name": "language", "value": "cpython3"}, {"name": "package", "value": "tests.test_main_page"}], "titlePath": ["tests", "test_main_page.py", "TestMainPage"]}